<?xml version="1.0" encoding="utf-8"?>
<shfbBuild product="Sandcastle Help File Builder and Tools" version="2023.3.4.0" projectFile="D:\a\NanoXLSX\NanoXLSX\Documentation\CodeDocumentation.shfbproj" started="7/22/2024 8:56:42 PM">
<buildStep step="Initializing">
The Sandcastle tools are located in &#39;C:\Program Files (x86)\EWSoftware\Sandcastle Help File Builder&#39;
Locating components in the following folder(s):
    D:\a\NanoXLSX\NanoXLSX\Documentation
    C:\ProgramData\EWSoftware\Sandcastle Help File Builder\Components and Plug-Ins
    C:\Program Files (x86)\EWSoftware\Sandcastle Help File Builder\Components
Using framework reflection data for &#39;.NET Core/.NET Standard/.NET 5.0+&#39; located in &#39;C:\Program Files (x86)\EWSoftware\Sandcastle Help File Builder\Data\.NET&#39;
Using presentation style &#39;VS2013&#39; located in &#39;C:\Program Files (x86)\EWSoftware\Sandcastle Help File Builder\Components\VS2013&#39;
Searching for HTML Help 1 compiler...
Found HTML Help 1 compiler in &#39;C:\Program Files (x86)\HTML Help Workshop\&#39;
Loading and initializing plug-ins...
Lightweight Website Style Version 2023.3.4.0
Copyright &#169; 2006-2023, Eric Woodruff, All Rights Reserved
Portions Copyright &#169; 2014, Sam Harwell, All Rights Reserved
-------------------------------
Clearing any prior web/markdown output...
</buildStep>
<buildStep step="ValidatingDocumentationSources">
Validating and copying documentation source information
Source: D:\a\NanoXLSX\NanoXLSX\NanoXLSX .NET Standard\bin\Debug\net45\NanoXLSX.xml
Source: D:\a\NanoXLSX\NanoXLSX\NanoXLSX .NET Standard\bin\Debug\net45\NanoXLSX.dll
    Found assembly &#39;D:\a\NanoXLSX\NanoXLSX\NanoXLSX .NET Standard\bin\Debug\net45\NanoXLSX.dll&#39;

Copying XML comments files
    D:\a\NanoXLSX\NanoXLSX\NanoXLSX .NET Standard\bin\Debug\net45\NanoXLSX.xml -&gt; D:\a\NanoXLSX\NanoXLSX\docs\Working\NanoXLSX.xml
</buildStep>
<buildStep step="GenerateSharedContent">
Generating shared content files (en-US, English (United States))...
<plugIn name="Lightweight Website Style" behavior="After" priority="1000">
</plugIn>    Last step completed in 00:00:00.2969
</buildStep>
<buildStep step="GenerateApiFilter">
Generating API filter for MRefBuilder...
    Last step completed in 00:00:00.1875
</buildStep>
<buildStep step="GenerateReflectionInfo">
Generating reflection information...
[C:\Program Files\Microsoft Visual Studio\2022\Enterprise\MSBuild\Current\Bin\MSBuild.exe - GenerateRefInfo-a135de11-55ee-4230-92af-4762457252cb.proj]
Build started 7/22/2024 8:56:54 PM.

Project &quot;D:\a\NanoXLSX\NanoXLSX\docs\Working\GenerateRefInfo-a135de11-55ee-4230-92af-4762457252cb.proj&quot; on node 1 (default targets).
PrepareForBuild:
  Creating directory &quot;obj\Debug\&quot;.
GenerateRefInfo:
  Microsoft.Build (v17.10.4+10fbfbf2eeb0597fdc1f600d87d38c7f57317bdc)
  c Microsoft Corporation. All rights reserved.
  No source code context base path specified.  Source context information is unavailable.
  Loaded 1 assemblies for reflection and 1 dependency assemblies.
  Wrote information on 4 namespaces, 68 types, and 970 members
  Merging duplicate type and member information
  Merged 0 duplicate type(s) and 0 duplicate member(s)
Done Building Project &quot;D:\a\NanoXLSX\NanoXLSX\docs\Working\GenerateRefInfo-a135de11-55ee-4230-92af-4762457252cb.proj&quot; (default targets).
    Last step completed in 00:00:06.6132
</buildStep>
<buildStep step="ApplyDocumentModel">
Applying document model to reflection output...
    Last step completed in 00:00:00.6882
</buildStep>
<buildStep step="AddNamespaceGroups">
Adding namespace group entries...
Added 0 namespace group entries
    Last step completed in 00:00:00.0469
</buildStep>
<buildStep step="AddApiTopicFilenames">
Adding topic filenames to API members...
    Last step completed in 00:00:00.0625
</buildStep>
<buildStep step="GenerateApiTopicManifest">
Generating API topic manifest...
    Last step completed in 00:00:00.0312
</buildStep>
<buildStep step="GenerateNamespaceSummaries">
Generating namespace summary information...
    Last step completed in 00:00:00.2656
</buildStep>
<buildStep step="CopyAdditionalContent">
Copying additional content files...
D:\a\NanoXLSX\NanoXLSX\Documentation\icons\NanoXLSX.png -&gt; D:\a\NanoXLSX\NanoXLSX\docs\Working\Output\HtmlHelp1\icons\NanoXLSX.png
D:\a\NanoXLSX\NanoXLSX\Documentation\icons\NanoXLSX.png -&gt; D:\a\NanoXLSX\NanoXLSX\docs\Working\Output\Website\icons\NanoXLSX.png
D:\a\NanoXLSX\NanoXLSX\Documentation\icons\favicon.ico -&gt; D:\a\NanoXLSX\NanoXLSX\docs\Working\Output\HtmlHelp1\icons\favicon.ico
D:\a\NanoXLSX\NanoXLSX\Documentation\icons\favicon.ico -&gt; D:\a\NanoXLSX\NanoXLSX\docs\Working\Output\Website\icons\favicon.ico
    Last step completed in 00:00:00.0313
</buildStep>
<buildStep step="MergeTablesOfContents">
Merging conceptual and additional tables of contents...
    Last step completed in 00:00:00.0000
</buildStep>
<buildStep step="GenerateIntermediateTableOfContents">
Generating intermediate table of contents file for API content...
Generating conceptual content intermediate TOC file...
    Last step completed in 00:00:00.2500
</buildStep>
<buildStep step="CreateBuildAssemblerConfigs">
Creating Sandcastle configuration files...
    Last step completed in 00:00:01.3916
</buildStep>
<buildStep step="CombiningIntermediateTocFiles">
Combining conceptual and API intermediate TOC files...
    Last step completed in 00:00:00.0312
</buildStep>
<buildStep step="MergeCustomConfigs">
Merging custom build component configurations
D:\a\NanoXLSX\NanoXLSX\docs\Working\BuildAssembler.config
  Updating reference topic configurations.
  No conceptual content.  Removing conceptual content components.
    Last step completed in 00:00:00.0157
</buildStep>
<buildStep step="BuildTopics">
Building help topics...
Loading configuration...
ResolveReferenceLinksComponent: The member ID URL cache &#39;C:\Users\runneradmin\AppData\Local\EWSoftware\Sandcastle Help File Builder\Cache\MemberIdUrl.cache&#39; does not exist yet.  All IDs will be looked up in this build which will slow it down.
Processing topics...
SHFB: Warning BE0066: ResolveReferenceLinksComponent: [T:NanoXLSX.Address] Member ID URL resolver service failed.  No further look ups will be performed for this build.
Reason: The underlying connection was closed: Could not establish trust relationship for the SSL/TLS secure channel.
The remote certificate is invalid according to the validation procedure.
SHFB: Warning BE0066: ResolveReferenceLinksComponent: [T:NanoXLSX.Address] Member ID URL not found for target &#39;T:System.Object&#39;.
SHFB: Warning BE0066: ResolveReferenceLinksComponent: [T:NanoXLSX.Address] Member ID URL resolver service failed.  No further look ups will be performed for this build.
Reason: The underlying connection was closed: Could not establish trust relationship for the SSL/TLS secure channel.
The remote certificate is invalid according to the validation procedure.
SHFB: Warning BE0066: ShowMissingComponent: [M:NanoXLSX.Address.op_Equality(NanoXLSX.Address,NanoXLSX.Address)] Missing &lt;summary&gt; documentation
SHFB: Warning BE0066: ShowMissingComponent: [M:NanoXLSX.Address.op_Equality(NanoXLSX.Address,NanoXLSX.Address)] Missing &lt;returns&gt; documentation
SHFB: Warning BE0066: ShowMissingComponent: [M:NanoXLSX.Address.op_Equality(NanoXLSX.Address,NanoXLSX.Address)] Missing &lt;param name=&quot;address1&quot;/&gt; documentation
SHFB: Warning BE0066: ShowMissingComponent: [M:NanoXLSX.Address.op_Equality(NanoXLSX.Address,NanoXLSX.Address)] Missing &lt;param name=&quot;address2&quot;/&gt; documentation
SHFB: Warning BE0066: ShowMissingComponent: [M:NanoXLSX.Address.op_Inequality(NanoXLSX.Address,NanoXLSX.Address)] Missing &lt;summary&gt; documentation
SHFB: Warning BE0066: ShowMissingComponent: [M:NanoXLSX.Address.op_Inequality(NanoXLSX.Address,NanoXLSX.Address)] Missing &lt;returns&gt; documentation
SHFB: Warning BE0066: ShowMissingComponent: [M:NanoXLSX.Address.op_Inequality(NanoXLSX.Address,NanoXLSX.Address)] Missing &lt;param name=&quot;address1&quot;/&gt; documentation
SHFB: Warning BE0066: ShowMissingComponent: [M:NanoXLSX.Address.op_Inequality(NanoXLSX.Address,NanoXLSX.Address)] Missing &lt;param name=&quot;address2&quot;/&gt; documentation
SHFB: Warning BE0066: ShowMissingComponent: [M:NanoXLSX.Cell.Equals(System.Object)] Missing &lt;summary&gt; documentation
SHFB: Warning BE0066: ShowMissingComponent: [M:NanoXLSX.Cell.Equals(System.Object)] Missing &lt;returns&gt; documentation
SHFB: Warning BE0066: ShowMissingComponent: [M:NanoXLSX.Cell.Equals(System.Object)] Missing &lt;param name=&quot;obj&quot;/&gt; documentation
SHFB: Warning BE0066: ShowMissingComponent: [F:NanoXLSX.Cell.AddressScope.value__] Missing &lt;summary&gt; documentation
SHFB: Warning BE0066: ShowMissingComponent: [F:NanoXLSX.Cell.AddressType.value__] Missing &lt;summary&gt; documentation
SHFB: Warning BE0066: ShowMissingComponent: [F:NanoXLSX.Cell.CellType.value__] Missing &lt;summary&gt; documentation
SHFB: Warning BE0066: ShowMissingComponent: [F:NanoXLSX.ImportOptions.ColumnType.value__] Missing &lt;summary&gt; documentation
SHFB: Warning BE0066: ShowMissingComponent: [F:NanoXLSX.ImportOptions.GlobalType.value__] Missing &lt;summary&gt; documentation
SHFB: Warning BE0066: ShowMissingComponent: [M:NanoXLSX.Range.op_Equality(NanoXLSX.Range,NanoXLSX.Range)] Missing &lt;summary&gt; documentation
SHFB: Warning BE0066: ShowMissingComponent: [M:NanoXLSX.Range.op_Equality(NanoXLSX.Range,NanoXLSX.Range)] Missing &lt;returns&gt; documentation
SHFB: Warning BE0066: ShowMissingComponent: [M:NanoXLSX.Range.op_Equality(NanoXLSX.Range,NanoXLSX.Range)] Missing &lt;param name=&quot;range1&quot;/&gt; documentation
SHFB: Warning BE0066: ShowMissingComponent: [M:NanoXLSX.Range.op_Equality(NanoXLSX.Range,NanoXLSX.Range)] Missing &lt;param name=&quot;range2&quot;/&gt; documentation
SHFB: Warning BE0066: ShowMissingComponent: [M:NanoXLSX.Range.op_Inequality(NanoXLSX.Range,NanoXLSX.Range)] Missing &lt;summary&gt; documentation
SHFB: Warning BE0066: ShowMissingComponent: [M:NanoXLSX.Range.op_Inequality(NanoXLSX.Range,NanoXLSX.Range)] Missing &lt;returns&gt; documentation
SHFB: Warning BE0066: ShowMissingComponent: [M:NanoXLSX.Range.op_Inequality(NanoXLSX.Range,NanoXLSX.Range)] Missing &lt;param name=&quot;range1&quot;/&gt; documentation
SHFB: Warning BE0066: ShowMissingComponent: [M:NanoXLSX.Range.op_Inequality(NanoXLSX.Range,NanoXLSX.Range)] Missing &lt;param name=&quot;range2&quot;/&gt; documentation
SHFB: Warning BE0066: ResolveReferenceLinksComponent: [M:NanoXLSX.Utils.GetPaneSplitHeight(System.Single)] Unknown reference link target &#39;F:NanoXLSX.Utils.SPLIT_HEIGHT_POINT_OFFSET&#39;.
SHFB: Warning BE0066: ResolveReferenceLinksComponent: [M:NanoXLSX.Utils.GetPaneSplitHeight(System.Single)] Unknown reference link target &#39;F:NanoXLSX.Utils.SPLIT_HEIGHT_POINT_OFFSET&#39;.
SHFB: Warning BE0066: ResolveReferenceLinksComponent: [M:NanoXLSX.Utils.GetPaneSplitWidth(System.Single,System.Single,System.Single)] Unknown reference link target &#39;F:NanoXLSX.Utils.SPLIT_WIDTH_POINT_OFFSET&#39;.
SHFB: Warning BE0066: ResolveReferenceLinksComponent: [M:NanoXLSX.Utils.GetPaneSplitWidth(System.Single,System.Single,System.Single)] Unknown reference link target &#39;F:NanoXLSX.Utils.SPLIT_WIDTH_POINT_OFFSET&#39;.
SHFB: Warning BE0066: ShowMissingComponent: [F:NanoXLSX.Workbook.importInProgress] Missing &lt;summary&gt; documentation
SHFB: Warning BE0066: ShowMissingComponent: [M:NanoXLSX.Worksheet.#ctor(System.String)] Missing &lt;param name=&quot;name&quot;/&gt; documentation
SHFB: Warning BE0066: ShowMissingComponent: [M:NanoXLSX.Worksheet.Copy] Missing &lt;returns&gt; documentation
SHFB: Warning BE0066: ShowMissingComponent: [F:NanoXLSX.Worksheet.CellDirection.value__] Missing &lt;summary&gt; documentation
SHFB: Warning BE0066: ShowMissingComponent: [F:NanoXLSX.Worksheet.SheetProtectionValue.value__] Missing &lt;summary&gt; documentation
SHFB: Warning BE0066: ShowMissingComponent: [F:NanoXLSX.Worksheet.SheetViewType.value__] Missing &lt;summary&gt; documentation
SHFB: Warning BE0066: ShowMissingComponent: [F:NanoXLSX.Worksheet.WorksheetPane.value__] Missing &lt;summary&gt; documentation
SHFB: Warning BE0066: ShowMissingComponent: [M:NanoXLSX.LowLevel.WorkbookReader.WorksheetDefinition.#ctor(System.Int32,System.String,System.String)] Missing &lt;param name=&quot;relId&quot;/&gt; documentation
SHFB: Warning BE0066: ShowMissingComponent: [M:NanoXLSX.LowLevel.WorksheetReader.GetEnforcedColumnValue(System.Object,NanoXLSX.Cell.CellType,NanoXLSX.Address)] Missing &lt;returns&gt; documentation
SHFB: Warning BE0066: ShowMissingComponent: [M:NanoXLSX.LowLevel.WorksheetReader.GetEnforcedColumnValue(System.Object,NanoXLSX.Cell.CellType,NanoXLSX.Address)] Missing &lt;param name=&quot;data&quot;/&gt; documentation
SHFB: Warning BE0066: ShowMissingComponent: [M:NanoXLSX.LowLevel.WorksheetReader.GetEnforcedColumnValue(System.Object,NanoXLSX.Cell.CellType,NanoXLSX.Address)] Missing &lt;param name=&quot;importedTyp&quot;/&gt; documentation
SHFB: Warning BE0066: ShowMissingComponent: [M:NanoXLSX.LowLevel.WorksheetReader.GetEnforcedColumnValue(System.Object,NanoXLSX.Cell.CellType,NanoXLSX.Address)] Missing &lt;param name=&quot;address&quot;/&gt; documentation
SHFB: Warning BE0066: ShowMissingComponent: [M:NanoXLSX.LowLevel.XlsxWriter.HasPaneSplitting(NanoXLSX.Worksheet)] Missing &lt;param name=&quot;worksheet&quot;/&gt; documentation
SHFB: Warning BE0066: ShowMissingComponent: [P:NanoXLSX.LowLevel.XlsxWriter.DynamicRow.RowNumber] Missing &lt;summary&gt; documentation
SHFB: Warning BE0066: ShowMissingComponent: [F:NanoXLSX.Styles.BasicStyles.StyleEnum.value__] Missing &lt;summary&gt; documentation
SHFB: Warning BE0066: ShowMissingComponent: [F:NanoXLSX.Styles.Border.StyleValue.value__] Missing &lt;summary&gt; documentation
SHFB: Warning BE0066: ShowMissingComponent: [F:NanoXLSX.Styles.CellXf.HorizontalAlignValue.value__] Missing &lt;summary&gt; documentation
SHFB: Warning BE0066: ShowMissingComponent: [F:NanoXLSX.Styles.CellXf.TextBreakValue.value__] Missing &lt;summary&gt; documentation
SHFB: Warning BE0066: ShowMissingComponent: [F:NanoXLSX.Styles.CellXf.TextDirectionValue.value__] Missing &lt;summary&gt; documentation
SHFB: Warning BE0066: ShowMissingComponent: [F:NanoXLSX.Styles.CellXf.VerticalAlignValue.value__] Missing &lt;summary&gt; documentation
SHFB: Warning BE0066: ShowMissingComponent: [F:NanoXLSX.Styles.Fill.FillType.value__] Missing &lt;summary&gt; documentation
SHFB: Warning BE0066: ShowMissingComponent: [F:NanoXLSX.Styles.Fill.PatternValue.value__] Missing &lt;summary&gt; documentation
SHFB: Warning BE0066: ShowMissingComponent: [F:NanoXLSX.Styles.Font.SchemeValue.value__] Missing &lt;summary&gt; documentation
SHFB: Warning BE0066: ShowMissingComponent: [F:NanoXLSX.Styles.Font.UnderlineValue.value__] Missing &lt;summary&gt; documentation
SHFB: Warning BE0066: ShowMissingComponent: [F:NanoXLSX.Styles.Font.VerticalAlignValue.value__] Missing &lt;summary&gt; documentation
SHFB: Warning BE0066: ShowMissingComponent: [F:NanoXLSX.Styles.NumberFormat.FormatNumber.value__] Missing &lt;summary&gt; documentation
SHFB: Warning BE0066: ShowMissingComponent: [F:NanoXLSX.Styles.NumberFormat.FormatRange.value__] Missing &lt;summary&gt; documentation
TopicTransformation: [R:Project_Documentation] Unhandled transformation element: P  Parent element: summary
Processed 1265 topic(s)
58 warning(s)
CopyFromIndexComponent: &quot;reflection&quot; in-memory cache entries used: 10 of 15.
CopyFromIndexComponent: &quot;comments&quot; in-memory cache entries used: 2 of 30.
    Last step completed in 00:00:38.5959
</buildStep>
<buildStep step="ExtractingHtmlInfo">
Extracting HTML info for HTML Help 1 and/or website...
Using LCID &#39;1033&#39;, code page &#39;65001&#39;, encoding charset &#39;UTF-8&#39;.
Processing Help 1 files in D:\a\NanoXLSX\NanoXLSX\docs\Working\Output\HtmlHelp1
Processed 1265 HTML files.  Sorting keywords and generating See Also indices.
Saving HTML Help 1 keyword index to D:\a\NanoXLSX\NanoXLSX\docs\Working\Output\HtmlHelp1\Documentation.hhk
Saving HTML Help 1 table of contents to D:\a\NanoXLSX\NanoXLSX\docs\Working\Output\HtmlHelp1\Documentation.hhc
Processing website files in D:\a\NanoXLSX\NanoXLSX\docs\Working\Output\Website
Processed 1265 HTML files.  Sorting keywords and generating See Also indices.
Saving website table of contents to D:\a\NanoXLSX\NanoXLSX\docs\Working\\WebTOC.xml
    Last step completed in 00:00:00.4065
</buildStep>
<buildStep step="CopyStandardHelpContent">
Copying standard help content...
C:\Program Files (x86)\EWSoftware\Sandcastle Help File Builder\Components\VS2013\icons\AlertCaution.png -&gt; D:\a\NanoXLSX\NanoXLSX\docs\Working\Output\HtmlHelp1\icons\AlertCaution.png
C:\Program Files (x86)\EWSoftware\Sandcastle Help File Builder\Components\VS2013\icons\AlertNote.png -&gt; D:\a\NanoXLSX\NanoXLSX\docs\Working\Output\HtmlHelp1\icons\AlertNote.png
C:\Program Files (x86)\EWSoftware\Sandcastle Help File Builder\Components\VS2013\icons\AlertSecurity.png -&gt; D:\a\NanoXLSX\NanoXLSX\docs\Working\Output\HtmlHelp1\icons\AlertSecurity.png
C:\Program Files (x86)\EWSoftware\Sandcastle Help File Builder\Components\VS2013\icons\CodeExample.png -&gt; D:\a\NanoXLSX\NanoXLSX\docs\Working\Output\HtmlHelp1\icons\CodeExample.png
C:\Program Files (x86)\EWSoftware\Sandcastle Help File Builder\Components\VS2013\icons\privClass.gif -&gt; D:\a\NanoXLSX\NanoXLSX\docs\Working\Output\HtmlHelp1\icons\privClass.gif
C:\Program Files (x86)\EWSoftware\Sandcastle Help File Builder\Components\VS2013\icons\privDelegate.gif -&gt; D:\a\NanoXLSX\NanoXLSX\docs\Working\Output\HtmlHelp1\icons\privDelegate.gif
C:\Program Files (x86)\EWSoftware\Sandcastle Help File Builder\Components\VS2013\icons\privEnumeration.gif -&gt; D:\a\NanoXLSX\NanoXLSX\docs\Working\Output\HtmlHelp1\icons\privEnumeration.gif
C:\Program Files (x86)\EWSoftware\Sandcastle Help File Builder\Components\VS2013\icons\privEvent.gif -&gt; D:\a\NanoXLSX\NanoXLSX\docs\Working\Output\HtmlHelp1\icons\privEvent.gif
C:\Program Files (x86)\EWSoftware\Sandcastle Help File Builder\Components\VS2013\icons\privExtension.gif -&gt; D:\a\NanoXLSX\NanoXLSX\docs\Working\Output\HtmlHelp1\icons\privExtension.gif
C:\Program Files (x86)\EWSoftware\Sandcastle Help File Builder\Components\VS2013\icons\privField.gif -&gt; D:\a\NanoXLSX\NanoXLSX\docs\Working\Output\HtmlHelp1\icons\privField.gif
C:\Program Files (x86)\EWSoftware\Sandcastle Help File Builder\Components\VS2013\icons\privInterface.gif -&gt; D:\a\NanoXLSX\NanoXLSX\docs\Working\Output\HtmlHelp1\icons\privInterface.gif
C:\Program Files (x86)\EWSoftware\Sandcastle Help File Builder\Components\VS2013\icons\privMethod.gif -&gt; D:\a\NanoXLSX\NanoXLSX\docs\Working\Output\HtmlHelp1\icons\privMethod.gif
C:\Program Files (x86)\EWSoftware\Sandcastle Help File Builder\Components\VS2013\icons\privProperty.gif -&gt; D:\a\NanoXLSX\NanoXLSX\docs\Working\Output\HtmlHelp1\icons\privProperty.gif
C:\Program Files (x86)\EWSoftware\Sandcastle Help File Builder\Components\VS2013\icons\privStructure.gif -&gt; D:\a\NanoXLSX\NanoXLSX\docs\Working\Output\HtmlHelp1\icons\privStructure.gif
C:\Program Files (x86)\EWSoftware\Sandcastle Help File Builder\Components\VS2013\icons\protClass.gif -&gt; D:\a\NanoXLSX\NanoXLSX\docs\Working\Output\HtmlHelp1\icons\protClass.gif
C:\Program Files (x86)\EWSoftware\Sandcastle Help File Builder\Components\VS2013\icons\protDelegate.gif -&gt; D:\a\NanoXLSX\NanoXLSX\docs\Working\Output\HtmlHelp1\icons\protDelegate.gif
C:\Program Files (x86)\EWSoftware\Sandcastle Help File Builder\Components\VS2013\icons\protEnumeration.gif -&gt; D:\a\NanoXLSX\NanoXLSX\docs\Working\Output\HtmlHelp1\icons\protEnumeration.gif
C:\Program Files (x86)\EWSoftware\Sandcastle Help File Builder\Components\VS2013\icons\protEvent.gif -&gt; D:\a\NanoXLSX\NanoXLSX\docs\Working\Output\HtmlHelp1\icons\protEvent.gif
C:\Program Files (x86)\EWSoftware\Sandcastle Help File Builder\Components\VS2013\icons\protExtension.gif -&gt; D:\a\NanoXLSX\NanoXLSX\docs\Working\Output\HtmlHelp1\icons\protExtension.gif
C:\Program Files (x86)\EWSoftware\Sandcastle Help File Builder\Components\VS2013\icons\protField.gif -&gt; D:\a\NanoXLSX\NanoXLSX\docs\Working\Output\HtmlHelp1\icons\protField.gif
C:\Program Files (x86)\EWSoftware\Sandcastle Help File Builder\Components\VS2013\icons\protInterface.gif -&gt; D:\a\NanoXLSX\NanoXLSX\docs\Working\Output\HtmlHelp1\icons\protInterface.gif
C:\Program Files (x86)\EWSoftware\Sandcastle Help File Builder\Components\VS2013\icons\protMethod.gif -&gt; D:\a\NanoXLSX\NanoXLSX\docs\Working\Output\HtmlHelp1\icons\protMethod.gif
C:\Program Files (x86)\EWSoftware\Sandcastle Help File Builder\Components\VS2013\icons\protOperator.gif -&gt; D:\a\NanoXLSX\NanoXLSX\docs\Working\Output\HtmlHelp1\icons\protOperator.gif
C:\Program Files (x86)\EWSoftware\Sandcastle Help File Builder\Components\VS2013\icons\protProperty.gif -&gt; D:\a\NanoXLSX\NanoXLSX\docs\Working\Output\HtmlHelp1\icons\protProperty.gif
C:\Program Files (x86)\EWSoftware\Sandcastle Help File Builder\Components\VS2013\icons\protStructure.gif -&gt; D:\a\NanoXLSX\NanoXLSX\docs\Working\Output\HtmlHelp1\icons\protStructure.gif
C:\Program Files (x86)\EWSoftware\Sandcastle Help File Builder\Components\VS2013\icons\pubClass.gif -&gt; D:\a\NanoXLSX\NanoXLSX\docs\Working\Output\HtmlHelp1\icons\pubClass.gif
C:\Program Files (x86)\EWSoftware\Sandcastle Help File Builder\Components\VS2013\icons\pubDelegate.gif -&gt; D:\a\NanoXLSX\NanoXLSX\docs\Working\Output\HtmlHelp1\icons\pubDelegate.gif
C:\Program Files (x86)\EWSoftware\Sandcastle Help File Builder\Components\VS2013\icons\pubEnumeration.gif -&gt; D:\a\NanoXLSX\NanoXLSX\docs\Working\Output\HtmlHelp1\icons\pubEnumeration.gif
C:\Program Files (x86)\EWSoftware\Sandcastle Help File Builder\Components\VS2013\icons\pubEvent.gif -&gt; D:\a\NanoXLSX\NanoXLSX\docs\Working\Output\HtmlHelp1\icons\pubEvent.gif
C:\Program Files (x86)\EWSoftware\Sandcastle Help File Builder\Components\VS2013\icons\pubExtension.gif -&gt; D:\a\NanoXLSX\NanoXLSX\docs\Working\Output\HtmlHelp1\icons\pubExtension.gif
C:\Program Files (x86)\EWSoftware\Sandcastle Help File Builder\Components\VS2013\icons\pubField.gif -&gt; D:\a\NanoXLSX\NanoXLSX\docs\Working\Output\HtmlHelp1\icons\pubField.gif
C:\Program Files (x86)\EWSoftware\Sandcastle Help File Builder\Components\VS2013\icons\pubInterface.gif -&gt; D:\a\NanoXLSX\NanoXLSX\docs\Working\Output\HtmlHelp1\icons\pubInterface.gif
C:\Program Files (x86)\EWSoftware\Sandcastle Help File Builder\Components\VS2013\icons\pubMethod.gif -&gt; D:\a\NanoXLSX\NanoXLSX\docs\Working\Output\HtmlHelp1\icons\pubMethod.gif
C:\Program Files (x86)\EWSoftware\Sandcastle Help File Builder\Components\VS2013\icons\pubOperator.gif -&gt; D:\a\NanoXLSX\NanoXLSX\docs\Working\Output\HtmlHelp1\icons\pubOperator.gif
C:\Program Files (x86)\EWSoftware\Sandcastle Help File Builder\Components\VS2013\icons\pubProperty.gif -&gt; D:\a\NanoXLSX\NanoXLSX\docs\Working\Output\HtmlHelp1\icons\pubProperty.gif
C:\Program Files (x86)\EWSoftware\Sandcastle Help File Builder\Components\VS2013\icons\pubStructure.gif -&gt; D:\a\NanoXLSX\NanoXLSX\docs\Working\Output\HtmlHelp1\icons\pubStructure.gif
C:\Program Files (x86)\EWSoftware\Sandcastle Help File Builder\Components\VS2013\icons\SectionCollapsed.png -&gt; D:\a\NanoXLSX\NanoXLSX\docs\Working\Output\HtmlHelp1\icons\SectionCollapsed.png
C:\Program Files (x86)\EWSoftware\Sandcastle Help File Builder\Components\VS2013\icons\SectionExpanded.png -&gt; D:\a\NanoXLSX\NanoXLSX\docs\Working\Output\HtmlHelp1\icons\SectionExpanded.png
C:\Program Files (x86)\EWSoftware\Sandcastle Help File Builder\Components\VS2013\icons\Static.gif -&gt; D:\a\NanoXLSX\NanoXLSX\docs\Working\Output\HtmlHelp1\icons\Static.gif
C:\Program Files (x86)\EWSoftware\Sandcastle Help File Builder\Components\VS2013\scripts\branding.js -&gt; D:\a\NanoXLSX\NanoXLSX\docs\Working\Output\HtmlHelp1\scripts\branding.js
C:\Program Files (x86)\EWSoftware\Sandcastle Help File Builder\Components\VS2013\styles\branding-cs-CZ.css -&gt; D:\a\NanoXLSX\NanoXLSX\docs\Working\Output\HtmlHelp1\styles\branding-cs-CZ.css
C:\Program Files (x86)\EWSoftware\Sandcastle Help File Builder\Components\VS2013\styles\branding-de-DE.css -&gt; D:\a\NanoXLSX\NanoXLSX\docs\Working\Output\HtmlHelp1\styles\branding-de-DE.css
C:\Program Files (x86)\EWSoftware\Sandcastle Help File Builder\Components\VS2013\styles\branding-en-US.css -&gt; D:\a\NanoXLSX\NanoXLSX\docs\Working\Output\HtmlHelp1\styles\branding-en-US.css
C:\Program Files (x86)\EWSoftware\Sandcastle Help File Builder\Components\VS2013\styles\branding-es-ES.css -&gt; D:\a\NanoXLSX\NanoXLSX\docs\Working\Output\HtmlHelp1\styles\branding-es-ES.css
C:\Program Files (x86)\EWSoftware\Sandcastle Help File Builder\Components\VS2013\styles\branding-fr-FR.css -&gt; D:\a\NanoXLSX\NanoXLSX\docs\Working\Output\HtmlHelp1\styles\branding-fr-FR.css
C:\Program Files (x86)\EWSoftware\Sandcastle Help File Builder\Components\VS2013\styles\branding-Help1.css -&gt; D:\a\NanoXLSX\NanoXLSX\docs\Working\Output\HtmlHelp1\styles\branding-Help1.css
C:\Program Files (x86)\EWSoftware\Sandcastle Help File Builder\Components\VS2013\styles\branding-HelpViewer.css -&gt; D:\a\NanoXLSX\NanoXLSX\docs\Working\Output\HtmlHelp1\styles\branding-HelpViewer.css
C:\Program Files (x86)\EWSoftware\Sandcastle Help File Builder\Components\VS2013\styles\branding-it-IT.css -&gt; D:\a\NanoXLSX\NanoXLSX\docs\Working\Output\HtmlHelp1\styles\branding-it-IT.css
C:\Program Files (x86)\EWSoftware\Sandcastle Help File Builder\Components\VS2013\styles\branding-ja-JP.css -&gt; D:\a\NanoXLSX\NanoXLSX\docs\Working\Output\HtmlHelp1\styles\branding-ja-JP.css
C:\Program Files (x86)\EWSoftware\Sandcastle Help File Builder\Components\VS2013\styles\branding-ko-KR.css -&gt; D:\a\NanoXLSX\NanoXLSX\docs\Working\Output\HtmlHelp1\styles\branding-ko-KR.css
C:\Program Files (x86)\EWSoftware\Sandcastle Help File Builder\Components\VS2013\styles\branding-pl-PL.css -&gt; D:\a\NanoXLSX\NanoXLSX\docs\Working\Output\HtmlHelp1\styles\branding-pl-PL.css
C:\Program Files (x86)\EWSoftware\Sandcastle Help File Builder\Components\VS2013\styles\branding-pt-BR.css -&gt; D:\a\NanoXLSX\NanoXLSX\docs\Working\Output\HtmlHelp1\styles\branding-pt-BR.css
C:\Program Files (x86)\EWSoftware\Sandcastle Help File Builder\Components\VS2013\styles\branding-ru-RU.css -&gt; D:\a\NanoXLSX\NanoXLSX\docs\Working\Output\HtmlHelp1\styles\branding-ru-RU.css
C:\Program Files (x86)\EWSoftware\Sandcastle Help File Builder\Components\VS2013\styles\branding-tr-TR.css -&gt; D:\a\NanoXLSX\NanoXLSX\docs\Working\Output\HtmlHelp1\styles\branding-tr-TR.css
C:\Program Files (x86)\EWSoftware\Sandcastle Help File Builder\Components\VS2013\styles\branding-Website.css -&gt; D:\a\NanoXLSX\NanoXLSX\docs\Working\Output\HtmlHelp1\styles\branding-Website.css
C:\Program Files (x86)\EWSoftware\Sandcastle Help File Builder\Components\VS2013\styles\branding-zh-CN.css -&gt; D:\a\NanoXLSX\NanoXLSX\docs\Working\Output\HtmlHelp1\styles\branding-zh-CN.css
C:\Program Files (x86)\EWSoftware\Sandcastle Help File Builder\Components\VS2013\styles\branding-zh-TW.css -&gt; D:\a\NanoXLSX\NanoXLSX\docs\Working\Output\HtmlHelp1\styles\branding-zh-TW.css
C:\Program Files (x86)\EWSoftware\Sandcastle Help File Builder\Components\VS2013\styles\branding.css -&gt; D:\a\NanoXLSX\NanoXLSX\docs\Working\Output\HtmlHelp1\styles\branding.css
C:\Program Files (x86)\EWSoftware\Sandcastle Help File Builder\Components\VS2013\icons\AlertCaution.png -&gt; D:\a\NanoXLSX\NanoXLSX\docs\Working\Output\Website\icons\AlertCaution.png
C:\Program Files (x86)\EWSoftware\Sandcastle Help File Builder\Components\VS2013\icons\AlertNote.png -&gt; D:\a\NanoXLSX\NanoXLSX\docs\Working\Output\Website\icons\AlertNote.png
C:\Program Files (x86)\EWSoftware\Sandcastle Help File Builder\Components\VS2013\icons\AlertSecurity.png -&gt; D:\a\NanoXLSX\NanoXLSX\docs\Working\Output\Website\icons\AlertSecurity.png
C:\Program Files (x86)\EWSoftware\Sandcastle Help File Builder\Components\VS2013\icons\CodeExample.png -&gt; D:\a\NanoXLSX\NanoXLSX\docs\Working\Output\Website\icons\CodeExample.png
C:\Program Files (x86)\EWSoftware\Sandcastle Help File Builder\Components\VS2013\icons\privClass.gif -&gt; D:\a\NanoXLSX\NanoXLSX\docs\Working\Output\Website\icons\privClass.gif
C:\Program Files (x86)\EWSoftware\Sandcastle Help File Builder\Components\VS2013\icons\privDelegate.gif -&gt; D:\a\NanoXLSX\NanoXLSX\docs\Working\Output\Website\icons\privDelegate.gif
C:\Program Files (x86)\EWSoftware\Sandcastle Help File Builder\Components\VS2013\icons\privEnumeration.gif -&gt; D:\a\NanoXLSX\NanoXLSX\docs\Working\Output\Website\icons\privEnumeration.gif
C:\Program Files (x86)\EWSoftware\Sandcastle Help File Builder\Components\VS2013\icons\privEvent.gif -&gt; D:\a\NanoXLSX\NanoXLSX\docs\Working\Output\Website\icons\privEvent.gif
C:\Program Files (x86)\EWSoftware\Sandcastle Help File Builder\Components\VS2013\icons\privExtension.gif -&gt; D:\a\NanoXLSX\NanoXLSX\docs\Working\Output\Website\icons\privExtension.gif
C:\Program Files (x86)\EWSoftware\Sandcastle Help File Builder\Components\VS2013\icons\privField.gif -&gt; D:\a\NanoXLSX\NanoXLSX\docs\Working\Output\Website\icons\privField.gif
C:\Program Files (x86)\EWSoftware\Sandcastle Help File Builder\Components\VS2013\icons\privInterface.gif -&gt; D:\a\NanoXLSX\NanoXLSX\docs\Working\Output\Website\icons\privInterface.gif
C:\Program Files (x86)\EWSoftware\Sandcastle Help File Builder\Components\VS2013\icons\privMethod.gif -&gt; D:\a\NanoXLSX\NanoXLSX\docs\Working\Output\Website\icons\privMethod.gif
C:\Program Files (x86)\EWSoftware\Sandcastle Help File Builder\Components\VS2013\icons\privProperty.gif -&gt; D:\a\NanoXLSX\NanoXLSX\docs\Working\Output\Website\icons\privProperty.gif
C:\Program Files (x86)\EWSoftware\Sandcastle Help File Builder\Components\VS2013\icons\privStructure.gif -&gt; D:\a\NanoXLSX\NanoXLSX\docs\Working\Output\Website\icons\privStructure.gif
C:\Program Files (x86)\EWSoftware\Sandcastle Help File Builder\Components\VS2013\icons\protClass.gif -&gt; D:\a\NanoXLSX\NanoXLSX\docs\Working\Output\Website\icons\protClass.gif
C:\Program Files (x86)\EWSoftware\Sandcastle Help File Builder\Components\VS2013\icons\protDelegate.gif -&gt; D:\a\NanoXLSX\NanoXLSX\docs\Working\Output\Website\icons\protDelegate.gif
C:\Program Files (x86)\EWSoftware\Sandcastle Help File Builder\Components\VS2013\icons\protEnumeration.gif -&gt; D:\a\NanoXLSX\NanoXLSX\docs\Working\Output\Website\icons\protEnumeration.gif
C:\Program Files (x86)\EWSoftware\Sandcastle Help File Builder\Components\VS2013\icons\protEvent.gif -&gt; D:\a\NanoXLSX\NanoXLSX\docs\Working\Output\Website\icons\protEvent.gif
C:\Program Files (x86)\EWSoftware\Sandcastle Help File Builder\Components\VS2013\icons\protExtension.gif -&gt; D:\a\NanoXLSX\NanoXLSX\docs\Working\Output\Website\icons\protExtension.gif
C:\Program Files (x86)\EWSoftware\Sandcastle Help File Builder\Components\VS2013\icons\protField.gif -&gt; D:\a\NanoXLSX\NanoXLSX\docs\Working\Output\Website\icons\protField.gif
C:\Program Files (x86)\EWSoftware\Sandcastle Help File Builder\Components\VS2013\icons\protInterface.gif -&gt; D:\a\NanoXLSX\NanoXLSX\docs\Working\Output\Website\icons\protInterface.gif
C:\Program Files (x86)\EWSoftware\Sandcastle Help File Builder\Components\VS2013\icons\protMethod.gif -&gt; D:\a\NanoXLSX\NanoXLSX\docs\Working\Output\Website\icons\protMethod.gif
C:\Program Files (x86)\EWSoftware\Sandcastle Help File Builder\Components\VS2013\icons\protOperator.gif -&gt; D:\a\NanoXLSX\NanoXLSX\docs\Working\Output\Website\icons\protOperator.gif
C:\Program Files (x86)\EWSoftware\Sandcastle Help File Builder\Components\VS2013\icons\protProperty.gif -&gt; D:\a\NanoXLSX\NanoXLSX\docs\Working\Output\Website\icons\protProperty.gif
C:\Program Files (x86)\EWSoftware\Sandcastle Help File Builder\Components\VS2013\icons\protStructure.gif -&gt; D:\a\NanoXLSX\NanoXLSX\docs\Working\Output\Website\icons\protStructure.gif
C:\Program Files (x86)\EWSoftware\Sandcastle Help File Builder\Components\VS2013\icons\pubClass.gif -&gt; D:\a\NanoXLSX\NanoXLSX\docs\Working\Output\Website\icons\pubClass.gif
C:\Program Files (x86)\EWSoftware\Sandcastle Help File Builder\Components\VS2013\icons\pubDelegate.gif -&gt; D:\a\NanoXLSX\NanoXLSX\docs\Working\Output\Website\icons\pubDelegate.gif
C:\Program Files (x86)\EWSoftware\Sandcastle Help File Builder\Components\VS2013\icons\pubEnumeration.gif -&gt; D:\a\NanoXLSX\NanoXLSX\docs\Working\Output\Website\icons\pubEnumeration.gif
C:\Program Files (x86)\EWSoftware\Sandcastle Help File Builder\Components\VS2013\icons\pubEvent.gif -&gt; D:\a\NanoXLSX\NanoXLSX\docs\Working\Output\Website\icons\pubEvent.gif
C:\Program Files (x86)\EWSoftware\Sandcastle Help File Builder\Components\VS2013\icons\pubExtension.gif -&gt; D:\a\NanoXLSX\NanoXLSX\docs\Working\Output\Website\icons\pubExtension.gif
C:\Program Files (x86)\EWSoftware\Sandcastle Help File Builder\Components\VS2013\icons\pubField.gif -&gt; D:\a\NanoXLSX\NanoXLSX\docs\Working\Output\Website\icons\pubField.gif
C:\Program Files (x86)\EWSoftware\Sandcastle Help File Builder\Components\VS2013\icons\pubInterface.gif -&gt; D:\a\NanoXLSX\NanoXLSX\docs\Working\Output\Website\icons\pubInterface.gif
C:\Program Files (x86)\EWSoftware\Sandcastle Help File Builder\Components\VS2013\icons\pubMethod.gif -&gt; D:\a\NanoXLSX\NanoXLSX\docs\Working\Output\Website\icons\pubMethod.gif
C:\Program Files (x86)\EWSoftware\Sandcastle Help File Builder\Components\VS2013\icons\pubOperator.gif -&gt; D:\a\NanoXLSX\NanoXLSX\docs\Working\Output\Website\icons\pubOperator.gif
C:\Program Files (x86)\EWSoftware\Sandcastle Help File Builder\Components\VS2013\icons\pubProperty.gif -&gt; D:\a\NanoXLSX\NanoXLSX\docs\Working\Output\Website\icons\pubProperty.gif
C:\Program Files (x86)\EWSoftware\Sandcastle Help File Builder\Components\VS2013\icons\pubStructure.gif -&gt; D:\a\NanoXLSX\NanoXLSX\docs\Working\Output\Website\icons\pubStructure.gif
C:\Program Files (x86)\EWSoftware\Sandcastle Help File Builder\Components\VS2013\icons\SectionCollapsed.png -&gt; D:\a\NanoXLSX\NanoXLSX\docs\Working\Output\Website\icons\SectionCollapsed.png
C:\Program Files (x86)\EWSoftware\Sandcastle Help File Builder\Components\VS2013\icons\SectionExpanded.png -&gt; D:\a\NanoXLSX\NanoXLSX\docs\Working\Output\Website\icons\SectionExpanded.png
C:\Program Files (x86)\EWSoftware\Sandcastle Help File Builder\Components\VS2013\icons\Static.gif -&gt; D:\a\NanoXLSX\NanoXLSX\docs\Working\Output\Website\icons\Static.gif
C:\Program Files (x86)\EWSoftware\Sandcastle Help File Builder\Components\VS2013\scripts\branding.js -&gt; D:\a\NanoXLSX\NanoXLSX\docs\Working\Output\Website\scripts\branding.js
C:\Program Files (x86)\EWSoftware\Sandcastle Help File Builder\Components\VS2013\styles\branding-cs-CZ.css -&gt; D:\a\NanoXLSX\NanoXLSX\docs\Working\Output\Website\styles\branding-cs-CZ.css
C:\Program Files (x86)\EWSoftware\Sandcastle Help File Builder\Components\VS2013\styles\branding-de-DE.css -&gt; D:\a\NanoXLSX\NanoXLSX\docs\Working\Output\Website\styles\branding-de-DE.css
C:\Program Files (x86)\EWSoftware\Sandcastle Help File Builder\Components\VS2013\styles\branding-en-US.css -&gt; D:\a\NanoXLSX\NanoXLSX\docs\Working\Output\Website\styles\branding-en-US.css
C:\Program Files (x86)\EWSoftware\Sandcastle Help File Builder\Components\VS2013\styles\branding-es-ES.css -&gt; D:\a\NanoXLSX\NanoXLSX\docs\Working\Output\Website\styles\branding-es-ES.css
C:\Program Files (x86)\EWSoftware\Sandcastle Help File Builder\Components\VS2013\styles\branding-fr-FR.css -&gt; D:\a\NanoXLSX\NanoXLSX\docs\Working\Output\Website\styles\branding-fr-FR.css
C:\Program Files (x86)\EWSoftware\Sandcastle Help File Builder\Components\VS2013\styles\branding-Help1.css -&gt; D:\a\NanoXLSX\NanoXLSX\docs\Working\Output\Website\styles\branding-Help1.css
C:\Program Files (x86)\EWSoftware\Sandcastle Help File Builder\Components\VS2013\styles\branding-HelpViewer.css -&gt; D:\a\NanoXLSX\NanoXLSX\docs\Working\Output\Website\styles\branding-HelpViewer.css
C:\Program Files (x86)\EWSoftware\Sandcastle Help File Builder\Components\VS2013\styles\branding-it-IT.css -&gt; D:\a\NanoXLSX\NanoXLSX\docs\Working\Output\Website\styles\branding-it-IT.css
C:\Program Files (x86)\EWSoftware\Sandcastle Help File Builder\Components\VS2013\styles\branding-ja-JP.css -&gt; D:\a\NanoXLSX\NanoXLSX\docs\Working\Output\Website\styles\branding-ja-JP.css
C:\Program Files (x86)\EWSoftware\Sandcastle Help File Builder\Components\VS2013\styles\branding-ko-KR.css -&gt; D:\a\NanoXLSX\NanoXLSX\docs\Working\Output\Website\styles\branding-ko-KR.css
C:\Program Files (x86)\EWSoftware\Sandcastle Help File Builder\Components\VS2013\styles\branding-pl-PL.css -&gt; D:\a\NanoXLSX\NanoXLSX\docs\Working\Output\Website\styles\branding-pl-PL.css
C:\Program Files (x86)\EWSoftware\Sandcastle Help File Builder\Components\VS2013\styles\branding-pt-BR.css -&gt; D:\a\NanoXLSX\NanoXLSX\docs\Working\Output\Website\styles\branding-pt-BR.css
C:\Program Files (x86)\EWSoftware\Sandcastle Help File Builder\Components\VS2013\styles\branding-ru-RU.css -&gt; D:\a\NanoXLSX\NanoXLSX\docs\Working\Output\Website\styles\branding-ru-RU.css
C:\Program Files (x86)\EWSoftware\Sandcastle Help File Builder\Components\VS2013\styles\branding-tr-TR.css -&gt; D:\a\NanoXLSX\NanoXLSX\docs\Working\Output\Website\styles\branding-tr-TR.css
C:\Program Files (x86)\EWSoftware\Sandcastle Help File Builder\Components\VS2013\styles\branding-Website.css -&gt; D:\a\NanoXLSX\NanoXLSX\docs\Working\Output\Website\styles\branding-Website.css
C:\Program Files (x86)\EWSoftware\Sandcastle Help File Builder\Components\VS2013\styles\branding-zh-CN.css -&gt; D:\a\NanoXLSX\NanoXLSX\docs\Working\Output\Website\styles\branding-zh-CN.css
C:\Program Files (x86)\EWSoftware\Sandcastle Help File Builder\Components\VS2013\styles\branding-zh-TW.css -&gt; D:\a\NanoXLSX\NanoXLSX\docs\Working\Output\Website\styles\branding-zh-TW.css
C:\Program Files (x86)\EWSoftware\Sandcastle Help File Builder\Components\VS2013\styles\branding.css -&gt; D:\a\NanoXLSX\NanoXLSX\docs\Working\Output\Website\styles\branding.css
C:\Program Files (x86)\EWSoftware\Sandcastle Help File Builder\Components\VS2013\Web\index.html -&gt; D:\a\NanoXLSX\NanoXLSX\docs\Working\Output\Website\index.html
C:\Program Files (x86)\EWSoftware\Sandcastle Help File Builder\Components\VS2013\Web\search.html -&gt; D:\a\NanoXLSX\NanoXLSX\docs\Working\Output\Website\search.html
C:\Program Files (x86)\EWSoftware\Sandcastle Help File Builder\Components\VS2013\Web\SearchHelp.aspx -&gt; D:\a\NanoXLSX\NanoXLSX\docs\Working\Output\Website\SearchHelp.aspx
C:\Program Files (x86)\EWSoftware\Sandcastle Help File Builder\Components\VS2013\Web\SearchHelp.inc.php -&gt; D:\a\NanoXLSX\NanoXLSX\docs\Working\Output\Website\SearchHelp.inc.php
C:\Program Files (x86)\EWSoftware\Sandcastle Help File Builder\Components\VS2013\Web\SearchHelp.php -&gt; D:\a\NanoXLSX\NanoXLSX\docs\Working\Output\Website\SearchHelp.php
C:\Program Files (x86)\EWSoftware\Sandcastle Help File Builder\Components\VS2013\Web\Web.Config -&gt; D:\a\NanoXLSX\NanoXLSX\docs\Working\Output\Website\Web.Config
C:\Program Files (x86)\EWSoftware\Sandcastle Help File Builder\Components\VS2013\Web\html\GeneralError.htm -&gt; D:\a\NanoXLSX\NanoXLSX\docs\Working\Output\Website\html\GeneralError.htm
C:\Program Files (x86)\EWSoftware\Sandcastle Help File Builder\Components\VS2013\Web\html\PageNotFound.htm -&gt; D:\a\NanoXLSX\NanoXLSX\docs\Working\Output\Website\html\PageNotFound.htm
C:\Program Files (x86)\EWSoftware\Sandcastle Help File Builder\Components\VS2013\Web\icons\Search.png -&gt; D:\a\NanoXLSX\NanoXLSX\docs\Working\Output\Website\icons\Search.png
C:\Program Files (x86)\EWSoftware\Sandcastle Help File Builder\Components\VS2013\Web\icons\TocClose.gif -&gt; D:\a\NanoXLSX\NanoXLSX\docs\Working\Output\Website\icons\TocClose.gif
C:\Program Files (x86)\EWSoftware\Sandcastle Help File Builder\Components\VS2013\Web\icons\TocCollapsed.gif -&gt; D:\a\NanoXLSX\NanoXLSX\docs\Working\Output\Website\icons\TocCollapsed.gif
C:\Program Files (x86)\EWSoftware\Sandcastle Help File Builder\Components\VS2013\Web\icons\TocExpanded.gif -&gt; D:\a\NanoXLSX\NanoXLSX\docs\Working\Output\Website\icons\TocExpanded.gif
C:\Program Files (x86)\EWSoftware\Sandcastle Help File Builder\Components\VS2013\Web\icons\TocOpen.gif -&gt; D:\a\NanoXLSX\NanoXLSX\docs\Working\Output\Website\icons\TocOpen.gif
C:\Program Files (x86)\EWSoftware\Sandcastle Help File Builder\Components\VS2013\Web\scripts\branding-Website.js -&gt; D:\a\NanoXLSX\NanoXLSX\docs\Working\Output\Website\scripts\branding-Website.js
C:\Program Files (x86)\EWSoftware\Sandcastle Help File Builder\Components\VS2013\Web\scripts\clipboard.min.js -&gt; D:\a\NanoXLSX\NanoXLSX\docs\Working\Output\Website\scripts\clipboard.min.js
C:\Program Files (x86)\EWSoftware\Sandcastle Help File Builder\Components\VS2013\Web\scripts\jquery-3.5.1.min.js -&gt; D:\a\NanoXLSX\NanoXLSX\docs\Working\Output\Website\scripts\jquery-3.5.1.min.js
    Last step completed in 00:00:00.2813
</buildStep>
<buildStep step="GenerateHelpProject">
Generating HTML Help 1 project file...
    Last step completed in 00:00:00.0313
</buildStep>
<buildStep step="CompilingHelpFile">
Compiling HTML Help 1 file...
[C:\Program Files\Microsoft Visual Studio\2022\Enterprise\MSBuild\Current\Bin\MSBuild.exe - Build1xHelpFile.proj]

  Microsoft HTML Help Compiler 4.74.8702
  
  
  
  Compiling d:\a\NanoXLSX\NanoXLSX\docs\Working\Output\HtmlHelp1\Documentation.chm
  
  
  
  
  
  Compile time: 0 minutes, 3 seconds
  
  1,267	Topics
  
  13,522	Local links
  
  3	Internet links
  
  0	Graphics
  
  
  
  
  
  Created d:\a\NanoXLSX\NanoXLSX\docs\Working\Output\HtmlHelp1\Documentation.chm, 1,360,744 bytes
  
  Compression decreased file by 6,925,643 bytes.
  
    Last step completed in 00:00:04.6750
</buildStep>
<buildStep step="GenerateFullTextIndex">
Generating full-text index for the website...

<plugIn name="Lightweight Website Style" behavior="After" priority="1000">
Adding lightweight search and TOC elements to each topic...
</plugIn>    Last step completed in 00:00:02.0658
</buildStep>
<buildStep step="CopyingWebsiteFiles">
Copying website files to output folder...

Copied 500 files
Copied 1000 files
Copied 1500 files
Copied 1621 files for the website content
    Last step completed in 00:00:00.3595
</buildStep>
<buildStep step="CleanIntermediates">
Removing intermediate files...
    Last step completed in 00:00:00.1719
</buildStep>
<buildStep step="Completed">

Build completed successfully at 7/22/2024 8:57:49 PM.  Total time: 00:01:07.7228

</buildStep>
</shfbBuild>
